Arguments: 
  /usr/local/bin/node /usr/local/bin/yarn add lint-stage

PATH: 
  /usr/local/bin:/usr/bin:/bin:/usr/sbin:/sbin

Yarn version: 
  1.22.10

Node version: 
  14.15.4

Platform: 
  darwin x64

Trace: 
  Error: https://mirrors.tencent.com/npm/lint-stage: no such package available
      at Request.params.callback [as _callback] (/usr/local/lib/node_modules/yarn/lib/cli.js:66988:18)
      at Request.self.callback (/usr/local/lib/node_modules/yarn/lib/cli.js:140662:22)
      at Request.emit (events.js:315:20)
      at Request.<anonymous> (/usr/local/lib/node_modules/yarn/lib/cli.js:141634:10)
      at Request.emit (events.js:315:20)
      at IncomingMessage.<anonymous> (/usr/local/lib/node_modules/yarn/lib/cli.js:141556:12)
      at Object.onceWrapper (events.js:421:28)
      at IncomingMessage.emit (events.js:327:22)
      at endReadableNT (internal/streams/readable.js:1327:12)
      at processTicksAndRejections (internal/process/task_queues.js:80:21)

npm manifest: 
  {
    "name": "vite-project",
    "version": "0.0.0",
    "scripts": {
      "dev": "vite --host",
      "build": "vue-tsc --noEmit && vite build",
      "serve": "vite preview",
      "prepare": "husky install"
    },
    "dependencies": {
      "axios": "^0.21.1",
      "element-plus": "^1.1.0-beta.7",
      "less": "^4.1.1",
      "vue": "^3.2.6",
      "vue-router": "^4.0.11",
      "vuex": "^4.0.2"
    },
    "devDependencies": {
      "@types/node": "^16.7.6",
      "@typescript-eslint/eslint-plugin": "^4.29.3",
      "@typescript-eslint/parser": "^4.29.3",
      "@vitejs/plugin-vue": "^1.6.0",
      "@vue/compiler-sfc": "^3.0.5",
      "eslint": "^7.32.0",
      "eslint-config-airbnb-base": "^14.2.1",
      "eslint-config-prettier": "^8.3.0",
      "eslint-plugin-import": "^2.24.2",
      "eslint-plugin-prettier": "^3.4.1",
      "eslint-plugin-vue": "^7.17.0",
      "prettier": "^2.3.2",
      "typescript": "^4.3.2",
      "vite": "^2.5.1",
      "vue-tsc": "^0.2.2",
      "husky": "^7.0.0"
    }
  }

yarn manifest: 
  No manifest

Lockfile: 
  No lockfile
